0 info it worked if it ends with ok
1 verbose cli [ 'C:\\Program Files\\nodejs\\node.exe',
1 verbose cli   'C:\\Program Files\\nodejs\\node_modules\\npm\\bin\\npm-cli.js',
1 verbose cli   'publish' ]
2 info using npm@3.10.10
3 info using node@v6.9.5
4 verbose publish [ '.' ]
5 silly cache add args [ '.', null ]
6 verbose cache add spec .
7 silly cache add parsed spec Result {
7 silly cache add   raw: '.',
7 silly cache add   scope: null,
7 silly cache add   escapedName: null,
7 silly cache add   name: null,
7 silly cache add   rawSpec: '.',
7 silly cache add   spec: 'C:\\Users\\Accounting\\Documents\\projects\\nylon-cli',
7 silly cache add   type: 'directory' }
8 verbose addLocalDirectory C:\Users\Accounting\AppData\Roaming\npm-cache\nylon-cli\1.2.9\package.tgz not in flight; packing
9 verbose correctMkdir C:\Users\Accounting\AppData\Roaming\npm-cache correctMkdir not in flight; initializing
10 info lifecycle nylon-cli@1.2.9~prepublish: nylon-cli@1.2.9
11 silly lifecycle nylon-cli@1.2.9~prepublish: no script for prepublish, continuing
12 verbose tar pack [ 'C:\\Users\\Accounting\\AppData\\Roaming\\npm-cache\\nylon-cli\\1.2.9\\package.tgz',
12 verbose tar pack   'C:\\Users\\Accounting\\Documents\\projects\\nylon-cli' ]
13 verbose tarball C:\Users\Accounting\AppData\Roaming\npm-cache\nylon-cli\1.2.9\package.tgz
14 verbose folder C:\Users\Accounting\Documents\projects\nylon-cli
15 verbose addLocalTarball adding from inside cache C:\Users\Accounting\AppData\Roaming\npm-cache\nylon-cli\1.2.9\package.tgz
16 verbose correctMkdir C:\Users\Accounting\AppData\Roaming\npm-cache correctMkdir not in flight; initializing
17 silly cache afterAdd nylon-cli@1.2.9
18 verbose afterAdd C:\Users\Accounting\AppData\Roaming\npm-cache\nylon-cli\1.2.9\package\package.json not in flight; writing
19 verbose correctMkdir C:\Users\Accounting\AppData\Roaming\npm-cache correctMkdir not in flight; initializing
20 verbose afterAdd C:\Users\Accounting\AppData\Roaming\npm-cache\nylon-cli\1.2.9\package\package.json written
21 silly publish { name: 'nylon-cli',
21 silly publish   version: '1.2.9',
21 silly publish   description: 'nylon command line interface',
21 silly publish   main: './command.js',
21 silly publish   bin: { 'nylon-cli': 'command.js' },
21 silly publish   scripts:
21 silly publish    { start: 'npm-run-all --parallel nylon redux',
21 silly publish      nylon: 'nylon-cli serve',
21 silly publish      redux: 'webpack' },
21 silly publish   repository:
21 silly publish    { type: 'git',
21 silly publish      url: 'git+https://github.com/9lon/nylon-cli.git' },
21 silly publish   homepage: 'https://github.com/9lon/nylon-cli#README',
21 silly publish   author: { name: 'somchit chanudom' },
21 silly publish   license: 'CDE',
21 silly publish   dependencies:
21 silly publish    { ajv: '^4.9.0',
21 silly publish      async: '^2.1.4',
21 silly publish      'body-parser': '^1.15.2',
21 silly publish      cheerio: '^0.22.0',
21 silly publish      commander: '^2.9.0',
21 silly publish      compression: '^1.6.2',
21 silly publish      cookie: '^0.3.1',
21 silly publish      express: '^4.14.0',
21 silly publish      'express-session': '^1.14.2',
21 silly publish      'express-session-rethinkdb': '^0.4.1',
21 silly publish      'fs-extra': '^1.0.0',
21 silly publish      http2: '^3.3.6',
21 silly publish      jade: '^1.11.0',
21 silly publish      java: '^0.8.0',
21 silly publish      'js-sha1': '^0.4.1',
21 silly publish      morgan: '^1.7.0',
21 silly publish      'node-sass': '^4.5.0',
21 silly publish      'node-sass-middleware': '^0.10.0',
21 silly publish      passport: '^0.3.2',
21 silly publish      'passport-facebook': '^2.1.1',
21 silly publish      'passport-google-oauth20': '^1.0.0',
21 silly publish      'passport-jwt': '^2.2.1',
21 silly publish      'passport-local': '^1.0.0',
21 silly publish      rethinkdb: '^2.3.3',
21 silly publish      'rethinkdb-init': '^0.2.2',
21 silly publish      rethinkdbdash: '^2.3.27',
21 silly publish      'socket.io': '^1.7.2',
21 silly publish      spdy: '^3.4.4',
21 silly publish      winston: '^2.3.0' },
21 silly publish   readme: 'Prereq\r\n#1 Install chocolatey\r\nopen cmd.exe and run  as admin\r\n# @powershell -NoProfile -ExecutionPolicy Bypass -Command "iex ((New-Object System.Net.WebClient).DownloadString(\'https://chocolatey.org/install.ps1\'))" && SET "PATH=%PATH%;%ALLUSERSPROFILE%\\chocolatey\\bin"\r\n\r\n#2 choco install jdk8\r\n#3 choco install nodejs.install\r\n#4 choco install git.install\r\n#5 npm install -g bower\r\n\r\nHow to install  nylon-cli\r\nopen cmd.exe or powsershell\r\n\r\n#1 npm install -g nylon-cli\r\n#2 mkdir {app-name}\r\n#3 cd {app-name}\r\n#4 npm init\r\n#5 nylon-cli init\r\n#6 cd public\r\n#7 bower install\r\n#8 cd ..\r\n#9 nylon-cli serve',
21 silly publish   readmeFilename: 'README.md',
21 silly publish   gitHead: 'adb5fd3e47421230f31dd9acbe85e8fff418a07a',
21 silly publish   bugs: { url: 'https://github.com/9lon/nylon-cli/issues' },
21 silly publish   _id: 'nylon-cli@1.2.9',
21 silly publish   _shasum: '1546b86bfaa7a6ef6f8cff96aee6323ba9025d2b',
21 silly publish   _from: '.' }
22 verbose getPublishConfig undefined
23 silly mapToRegistry name nylon-cli
24 silly mapToRegistry using default registry
25 silly mapToRegistry registry https://registry.npmjs.org/
26 silly mapToRegistry data Result {
26 silly mapToRegistry   raw: 'nylon-cli',
26 silly mapToRegistry   scope: null,
26 silly mapToRegistry   escapedName: 'nylon-cli',
26 silly mapToRegistry   name: 'nylon-cli',
26 silly mapToRegistry   rawSpec: '',
26 silly mapToRegistry   spec: 'latest',
26 silly mapToRegistry   type: 'tag' }
27 silly mapToRegistry uri https://registry.npmjs.org/nylon-cli
28 verbose publish registryBase https://registry.npmjs.org/
29 silly publish uploading C:\Users\Accounting\AppData\Roaming\npm-cache\nylon-cli\1.2.9\package.tgz
30 verbose request uri https://registry.npmjs.org/nylon-cli
31 verbose request sending authorization for write operation
32 info attempt registry request try #1 at 10:56:15
33 verbose request using bearer token for auth
34 verbose request id 8224b55cfcfc6bde
35 http request PUT https://registry.npmjs.org/nylon-cli
36 http 403 https://registry.npmjs.org/nylon-cli
37 verbose headers { 'content-type': 'application/json',
37 verbose headers   'cache-control': 'max-age=300',
37 verbose headers   'content-length': '95',
37 verbose headers   'accept-ranges': 'bytes',
37 verbose headers   date: 'Tue, 21 Feb 2017 03:56:33 GMT',
37 verbose headers   via: '1.1 varnish',
37 verbose headers   connection: 'keep-alive',
37 verbose headers   'x-served-by': 'cache-sin6921-SIN',
37 verbose headers   'x-cache': 'MISS',
37 verbose headers   'x-cache-hits': '0',
37 verbose headers   'x-timer': 'S1487649374.355887,VS0,VE18695',
37 verbose headers   vary: 'Accept-Encoding' }
38 verbose request invalidating C:\Users\Accounting\AppData\Roaming\npm-cache\registry.npmjs.org\nylon-cli on PUT
39 error publish Failed PUT 403
40 verbose stack Error: "You cannot publish over the previously published version 1.2.9." : nylon-cli
40 verbose stack     at makeError (C:\Program Files\nodejs\node_modules\npm\node_modules\npm-registry-client\lib\request.js:302:12)
40 verbose stack     at CachingRegistryClient.<anonymous> (C:\Program Files\nodejs\node_modules\npm\node_modules\npm-registry-client\lib\request.js:290:14)
40 verbose stack     at Request._callback (C:\Program Files\nodejs\node_modules\npm\node_modules\npm-registry-client\lib\request.js:210:14)
40 verbose stack     at Request.self.callback (C:\Program Files\nodejs\node_modules\npm\node_modules\request\request.js:187:22)
40 verbose stack     at emitTwo (events.js:106:13)
40 verbose stack     at Request.emit (events.js:191:7)
40 verbose stack     at Request.<anonymous> (C:\Program Files\nodejs\node_modules\npm\node_modules\request\request.js:1048:10)
40 verbose stack     at emitOne (events.js:96:13)
40 verbose stack     at Request.emit (events.js:188:7)
40 verbose stack     at IncomingMessage.<anonymous> (C:\Program Files\nodejs\node_modules\npm\node_modules\request\request.js:969:12)
41 verbose statusCode 403
42 verbose pkgid nylon-cli
43 verbose cwd C:\Users\Accounting\Documents\projects\nylon-cli
44 error Windows_NT 10.0.14393
45 error argv "C:\\Program Files\\nodejs\\node.exe" "C:\\Program Files\\nodejs\\node_modules\\npm\\bin\\npm-cli.js" "publish"
46 error node v6.9.5
47 error npm  v3.10.10
48 error code E403
49 error "You cannot publish over the previously published version 1.2.9." : nylon-cli
50 error If you need help, you may report this error at:
50 error     <https://github.com/npm/npm/issues>
51 verbose exit [ 1, true ]
